Log file created on Sat Dec 11 17:39:06 CST 2021
IMPORTANT:
Because updating this file after every log message would kill
performance, it will be *incomplete* unless you invoke the
Utilities->Troubleshooting->Update Activity Log on Disk command!
5:39:05 PM [main] [message] Log: When reporting bugs, please include the following information:
5:39:05 PM [main] [message] Log: java.version=11.0.8
5:39:05 PM [main] [message] Log: java.vm.version=11.0.8+10
5:39:05 PM [main] [message] Log: java.vm.name=OpenJDK 64-Bit Server VM
5:39:05 PM [main] [message] Log: java.runtime.version=11.0.8+10
5:39:05 PM [main] [message] Log: java.runtime.name=OpenJDK Runtime Environment
5:39:05 PM [main] [message] Log: java.vendor=AdoptOpenJDK
5:39:05 PM [main] [message] Log: java.compiler=null
5:39:05 PM [main] [message] Log: os.name=Windows 10
5:39:05 PM [main] [message] Log: os.version=10.0
5:39:05 PM [main] [message] Log: os.arch=amd64
5:39:05 PM [main] [message] Log: user.home=C:\Users\Jrmcg
5:39:05 PM [main] [message] Log: java.home=C:\Program Files\AdoptOpenJDK\jdk-11.0.8.10-hotspot
5:39:05 PM [main] [message] Log: java.class.path=C:\Users\Jrmcg\OneDrive\Desktop\cs3354-f21-team08-master\build\classes\core;C:\Users\Jrmcg\OneDrive\Desktop\cs3354-f21-team08-master\lib\compile\jsr305.jar;C:\Users\Jrmcg\OneDrive\Desktop\cs3354-f21-team08-master\lib\runtime\jsr305.jar;C:\Program Files\JetBrains\IntelliJ IDEA Community Edition 2021.3\lib\idea_rt.jar
5:39:05 PM [main] [message] jEdit: starting with command line arguments: -settings=C:/Users/Jrmcg/OneDrive/Desktop/cs3354-f21-team08-master/build/settings
5:39:05 PM [main] [debug] jEdit: before splash screen activation:159 ms
5:39:06 PM [main] [debug] jEdit: after splash screen activation:998 ms
5:39:06 PM [main] [debug] MiscUtilities: Saving backup of file "C:\Users\Jrmcg\OneDrive\Desktop\cs3354-f21-team08-master\build\settings\activity.log" to "C:\Users\Jrmcg\OneDrive\Desktop\cs3354-f21-team08-master\build\settings\settings-backup\activity.log~1~"
5:39:06 PM [main] [notice] jEdit: jEdit version 5.6.0
5:39:06 PM [main] [message] jEdit: Settings directory is C:\Users\Jrmcg\OneDrive\Desktop\cs3354-f21-team08-master\build\settings
5:39:06 PM [main] [message] jEdit: jEdit home directory is C:\Users\Jrmcg\OneDrive\Desktop\cs3354-f21-team08-master
5:39:06 PM [main] [debug] SplashScreen: init:20/654ms
5:39:06 PM [main] [debug] SplashScreen: init system properties:25/679ms
5:39:06 PM [main] [message] BeanShell: Beanshell Init
5:39:06 PM [main] [debug] SplashScreen: init beanshell:41/720ms
5:39:06 PM [main] [debug] SplashScreen: loading site properties:2/722ms
5:39:06 PM [main] [debug] SplashScreen: loading user properties:5/727ms
5:39:06 PM [main] [debug] GUIUtilities: Icon theme set to: tango
5:39:06 PM [main] [debug] GUIUtilities: Loading icon theme from: jeditresource:/org/gjt/sp/jedit/icons/themes/tango/
5:39:06 PM [main] [debug] SplashScreen: init GUI:3/730ms
5:39:06 PM [main] [debug] EditServer: jEdit server started on port 56807
5:39:06 PM [main] [debug] EditServer: Authorization key is 1053213069
5:39:06 PM [main] [debug] SplashScreen: init server:10/740ms
5:39:06 PM [main] [debug] jEdit: initPLAF non-edt old=javax.swing.plaf.metal.MetalLookAndFeel requested=null new=javax.swing.plaf.metal.MetalLookAndFeel
5:39:06 PM [main] [debug] SplashScreen: init look and feel:11/751ms
5:39:06 PM [main] [debug] SplashScreen: init VFS Manager:2/753ms
5:39:06 PM [main] [debug] ActionSet: Loading actions from file:/C:/Users/Jrmcg/OneDrive/Desktop/cs3354-f21-team08-master/build/classes/core/org/gjt/sp/jedit/actions.xml
5:39:06 PM [main] [debug] DockableWindowManager: Loading dockables from file:/C:/Users/Jrmcg/OneDrive/Desktop/cs3354-f21-team08-master/build/classes/core/org/gjt/sp/jedit/dockables.xml
5:39:06 PM [main] [debug] SplashScreen: init resources:66/819ms
5:39:06 PM [AWT-EventQueue-0] [debug] EditBus: SearchSettingsChanged[source=null]
5:39:06 PM [main] [debug] SplashScreen: Migrate keymaps:43/862ms
5:39:06 PM [main] [notice] jEdit: Loading plugins from C:\Users\Jrmcg\OneDrive\Desktop\cs3354-f21-team08-master\jars
5:39:06 PM [main] [notice] jEdit: Loading plugins from C:\Users\Jrmcg\OneDrive\Desktop\cs3354-f21-team08-master\build\settings\jars
5:39:06 PM [main] [debug] SplashScreen: init plugins:6/868ms
5:39:06 PM [main] [message] HistoryModel: Loading history
5:39:06 PM [main] [debug] SplashScreen: init history model:2/870ms
5:39:06 PM [main] [message] BufferHistory: Loading C:\Users\Jrmcg\OneDrive\Desktop\cs3354-f21-team08-master\build\settings\recent.xml
5:39:06 PM [main] [debug] SplashScreen: init buffer history:5/875ms
5:39:06 PM [main] [message] KillRing: Loading C:\Users\Jrmcg\OneDrive\Desktop\cs3354-f21-team08-master\build\settings\killring.xml
5:39:06 PM [main] [debug] SplashScreen: init killring:7/882ms
5:39:06 PM [main] [debug] jEdit: initPLAF non-edt old=javax.swing.plaf.metal.MetalLookAndFeel requested=null new=javax.swing.plaf.metal.MetalLookAndFeel
5:39:06 PM [main] [debug] jEdit: SOCKS proxy disabled
5:39:06 PM [main] [debug] jEdit: HTTP proxy disabled
5:39:06 PM [AWT-EventQueue-0] [debug] EditBus: PropertiesChanged[source=null]
5:39:06 PM [main] [debug] SplashScreen: init various properties:92/974ms
5:39:06 PM [main] [message] jEdit: Loading mode catalog file C:\Users\Jrmcg\OneDrive\Desktop\cs3354-f21-team08-master\modes\catalog
5:39:06 PM [main] [debug] jEdit: Loading user mode catalog
5:39:06 PM [main] [message] jEdit: Loading mode catalog file C:\Users\Jrmcg\OneDrive\Desktop\cs3354-f21-team08-master\build\settings\modes\catalog
5:39:06 PM [main] [debug] SplashScreen: init modes:43/1017ms
5:39:06 PM [main] [debug] SplashScreen: activate plugins:4/1021ms
5:39:06 PM [main] [debug] Macros: Registered beanshell macro handler
5:39:06 PM [AWT-EventQueue-0] [debug] EditBus: DynamicMenuChanged[menu=macros,source=null]
5:39:06 PM [main] [debug] SplashScreen: init macros:21/1042ms
5:39:06 PM [main] [message] BeanShell: Running script C:\Users\Jrmcg\OneDrive\Desktop\cs3354-f21-team08-master\startup\startup.bsh
5:39:06 PM [main] [notice] jEdit$2: Loading edit mode C:\Users\Jrmcg\OneDrive\Desktop\cs3354-f21-team08-master\modes\text.xml
5:39:07 PM [main] [debug] String: BeanShell interpreter version 2.0b4-jedit
5:39:07 PM [main] [debug] SplashScreen: run startup scripts:169/1211ms
5:39:07 PM [main] [debug] SplashScreen: run startup scripts:2/1213ms
5:39:07 PM [main] [debug] SplashScreen: run startup scripts:3/1214ms
5:39:07 PM [main] [debug] jEdit: main done:1648 ms
5:39:07 PM [AWT-EventQueue-0] [message] PerspectiveManager: Loading C:\Users\Jrmcg\OneDrive\Desktop\cs3354-f21-team08-master\build\settings\perspective.xml
5:39:07 PM [AWT-EventQueue-0] [debug] EditBus: BufferUpdate[what=PROPERTIES_CHANGED,view=null,source=.gitaccess (%IDEA_INITIAL_DIRECTORY%\cs3354-f21-team08-master\)]
5:39:07 PM [AWT-EventQueue-0] [debug] EditBus: BufferUpdate[what=CREATED,view=null,source=.gitaccess (%IDEA_INITIAL_DIRECTORY%\cs3354-f21-team08-master\)]
5:39:07 PM [AWT-EventQueue-0] [debug] EditBus: BufferUpdate[what=LOAD_STARTED,view=null,source=.gitaccess (%IDEA_INITIAL_DIRECTORY%\cs3354-f21-team08-master\)]
5:39:07 PM [AWT-EventQueue-0] [debug] EditBus: BufferUpdate[what=LOADED,view=null,source=.gitaccess (%IDEA_INITIAL_DIRECTORY%\cs3354-f21-team08-master\)]
5:39:07 PM [AWT-EventQueue-0] [notice] jEdit$2: Loading edit mode C:\Users\Jrmcg\OneDrive\Desktop\cs3354-f21-team08-master\modes\ant.xml
5:39:07 PM [AWT-EventQueue-0] [debug] EditBus: BufferUpdate[what=PROPERTIES_CHANGED,view=null,source=build.xml (%IDEA_INITIAL_DIRECTORY%\cs3354-f21-team08-master\)]
5:39:07 PM [AWT-EventQueue-0] [debug] EditBus: BufferUpdate[what=CREATED,view=null,source=build.xml (%IDEA_INITIAL_DIRECTORY%\cs3354-f21-team08-master\)]
5:39:07 PM [AWT-EventQueue-0] [debug] EditBus: BufferUpdate[what=LOAD_STARTED,view=null,source=build.xml (%IDEA_INITIAL_DIRECTORY%\cs3354-f21-team08-master\)]
5:39:07 PM [AWT-EventQueue-0] [debug] EditBus: BufferUpdate[what=LOADED,view=null,source=build.xml (%IDEA_INITIAL_DIRECTORY%\cs3354-f21-team08-master\)]
5:39:07 PM [AWT-EventQueue-0] [debug] EditBus: BufferUpdate[what=PROPERTIES_CHANGED,view=null,source=Untitled-1 (%IDEA_INITIAL_DIRECTORY%\cs3354-f21-team08-master\)]
5:39:07 PM [AWT-EventQueue-0] [debug] EditBus: BufferUpdate[what=CREATED,view=null,source=Untitled-1 (%IDEA_INITIAL_DIRECTORY%\cs3354-f21-team08-master\)]
5:39:07 PM [AWT-EventQueue-0] [debug] EditBus: BufferUpdate[what=LOAD_STARTED,view=null,source=Untitled-1 (%IDEA_INITIAL_DIRECTORY%\cs3354-f21-team08-master\)]
5:39:07 PM [AWT-EventQueue-0] [debug] EditBus: BufferUpdate[what=LOADED,view=null,source=Untitled-1 (%IDEA_INITIAL_DIRECTORY%\cs3354-f21-team08-master\)]
5:39:07 PM [AWT-EventQueue-0] [debug] BufferSet: 2039310789: addBufferSetListener org.gjt.sp.jedit.EditPane[inactive]
5:39:07 PM [AWT-EventQueue-0] [debug] EditBus: BufferChanging[what=BUFFER_CHANGING,source=org.gjt.sp.jedit.EditPane[inactive]]
5:39:07 PM [AWT-EventQueue-0] [debug] BufferSet: 2039310789 addBufferAt(build.xml (%IDEA_INITIAL_DIRECTORY%\cs3354-f21-team08-master\),-1)
5:39:07 PM [AWT-EventQueue-0] [debug] BufferSet: 2039310789: Buffer added build.xml (%IDEA_INITIAL_DIRECTORY%\cs3354-f21-team08-master\) at 0
5:39:07 PM [AWT-EventQueue-0] [debug] EditBus: EditPaneUpdate[what=CREATED,source=org.gjt.sp.jedit.EditPane[inactive]]
5:39:07 PM [AWT-EventQueue-0] [debug] BufferSet: 2039310789 addBufferAt(build.xml (%IDEA_INITIAL_DIRECTORY%\cs3354-f21-team08-master\),0)
5:39:07 PM [AWT-EventQueue-0] [debug] BufferSet: 2039310789 addBufferAt(.gitaccess (%IDEA_INITIAL_DIRECTORY%\cs3354-f21-team08-master\),1)
5:39:07 PM [AWT-EventQueue-0] [debug] BufferSet: 2039310789: Buffer added .gitaccess (%IDEA_INITIAL_DIRECTORY%\cs3354-f21-team08-master\) at 0
5:39:07 PM [AWT-EventQueue-0] [debug] BufferSet: 2039310789 addBufferAt(build.xml (%IDEA_INITIAL_DIRECTORY%\cs3354-f21-team08-master\),2)
5:39:07 PM [AWT-EventQueue-0] [debug] BufferSet: 2039310789 addBufferAt(Untitled-1 (%IDEA_INITIAL_DIRECTORY%\cs3354-f21-team08-master\),3)
5:39:07 PM [AWT-EventQueue-0] [debug] BufferSet: 2039310789: Buffer added Untitled-1 (%IDEA_INITIAL_DIRECTORY%\cs3354-f21-team08-master\) at 2
5:39:07 PM [AWT-EventQueue-0] [debug] EditBus: ViewUpdate[what=CREATED,source=org.gjt.sp.jedit.View[active]]
5:39:08 PM [AWT-EventQueue-0] [debug] EditBus: EditorStarted[source=null]
5:39:08 PM [AWT-EventQueue-0] [message] jEdit: Startup complete: 2622 ms
5:39:08 PM [AWT-EventQueue-0] [debug] EditBus: ViewUpdate[what=VIEW_ACTIVATED,source=org.gjt.sp.jedit.View[active]]
5:39:08 PM [AWT-EventQueue-0] [debug] JEditTextArea: InputMethodSupport is activated
5:39:10 PM [AWT-EventQueue-0] [debug] EditBus: EditorExitRequested[source=org.gjt.sp.jedit.View[active]]
5:39:10 PM [AWT-EventQueue-0] [message] PerspectiveManager: Saving C:\Users\Jrmcg\OneDrive\Desktop\cs3354-f21-team08-master\build\settings\perspective.xml
5:39:10 PM [AWT-EventQueue-0] [debug] MiscUtilities: Saving backup of file "C:\Users\Jrmcg\OneDrive\Desktop\cs3354-f21-team08-master\build\settings\perspective.xml" to "C:\Users\Jrmcg\OneDrive\Desktop\cs3354-f21-team08-master\build\settings\settings-backup\perspective.xml~1~"
5:39:10 PM [AWT-EventQueue-0] [debug] EditBus: DynamicMenuChanged[menu=recent-files,source=null]
5:39:10 PM [AWT-EventQueue-0] [debug] EditBus: EditorExiting[source=null]
5:39:10 PM [AWT-EventQueue-0] [debug] EditBus: ViewUpdate[what=CLOSED,source=org.gjt.sp.jedit.View[active]]
5:39:10 PM [AWT-EventQueue-0] [debug] EditBus: DynamicMenuChanged[menu=recent-files,source=null]
5:39:10 PM [AWT-EventQueue-0] [debug] EditBus: EditPaneUpdate[what=DESTROYED,source=org.gjt.sp.jedit.EditPane[active]]
5:39:10 PM [AWT-EventQueue-0] [debug] BufferSet: 2039310789: Buffer removed .gitaccess (%IDEA_INITIAL_DIRECTORY%\cs3354-f21-team08-master\)
5:39:10 PM [AWT-EventQueue-0] [debug] BufferSetManager: Buffer:.gitaccess (%IDEA_INITIAL_DIRECTORY%\cs3354-f21-team08-master\) is in no bufferSet anymore, closing it
5:39:10 PM [AWT-EventQueue-0] [debug] BufferSet: 2039310789: Buffer removed build.xml (%IDEA_INITIAL_DIRECTORY%\cs3354-f21-team08-master\)
5:39:10 PM [AWT-EventQueue-0] [debug] EditBus: BufferChanging[what=BUFFER_CHANGING,source=org.gjt.sp.jedit.EditPane[active]]
5:39:10 PM [AWT-EventQueue-0] [debug] EditBus: EditPaneUpdate[what=BUFFER_CHANGED,source=org.gjt.sp.jedit.EditPane[active]]
5:39:10 PM [AWT-EventQueue-0] [debug] BufferSetManager: Buffer:build.xml (%IDEA_INITIAL_DIRECTORY%\cs3354-f21-team08-master\) is in no bufferSet anymore, closing it
5:39:10 PM [AWT-EventQueue-0] [debug] BufferSet: 2039310789: Buffer removed Untitled-1 (%IDEA_INITIAL_DIRECTORY%\cs3354-f21-team08-master\)
5:39:10 PM [AWT-EventQueue-0] [debug] BufferSetManager: Buffer:Untitled-1 (%IDEA_INITIAL_DIRECTORY%\cs3354-f21-team08-master\) is in no bufferSet anymore, closing it
5:39:10 PM [AWT-EventQueue-0] [message] BufferHistory: Saving C:\Users\Jrmcg\OneDrive\Desktop\cs3354-f21-team08-master\build\settings\recent.xml
5:39:10 PM [AWT-EventQueue-0] [debug] MiscUtilities: Saving backup of file "C:\Users\Jrmcg\OneDrive\Desktop\cs3354-f21-team08-master\build\settings\recent.xml" to "C:\Users\Jrmcg\OneDrive\Desktop\cs3354-f21-team08-master\build\settings\settings-backup\recent.xml~1~"
5:39:10 PM [AWT-EventQueue-0] [message] KillRing: Saving C:\Users\Jrmcg\OneDrive\Desktop\cs3354-f21-team08-master\build\settings\killring.xml
5:39:10 PM [AWT-EventQueue-0] [debug] MiscUtilities: Saving backup of file "C:\Users\Jrmcg\OneDrive\Desktop\cs3354-f21-team08-master\build\settings\killring.xml" to "C:\Users\Jrmcg\OneDrive\Desktop\cs3354-f21-team08-master\build\settings\settings-backup\killring.xml~1~"
5:39:10 PM [AWT-EventQueue-0] [debug] MiscUtilities: Saving backup of file "C:\Users\Jrmcg\OneDrive\Desktop\cs3354-f21-team08-master\build\settings\properties" to "C:\Users\Jrmcg\OneDrive\Desktop\cs3354-f21-team08-master\build\settings\settings-backup\properties~1~"
